<?xml version="1.0" encoding="UTF-8"?>
<testng-results ignored="0" total="6" passed="6" failed="0" skipped="0">
  <reporter-output>
  </reporter-output>
  <suite started-at="2023-08-24T12:52:08 IST" name="Default suite" finished-at="2023-08-24T12:52:08 IST" duration-ms="52">
    <groups>
    </groups>
    <test started-at="2023-08-24T12:52:08 IST" name="Default test" finished-at="2023-08-24T12:52:08 IST" duration-ms="52">
      <class name="biakha.Simpleee">
        <test-method signature="b()[pri:0, instance:biakha.Simpleee@6973b51b]" started-at="2023-08-24T12:52:08 IST" name="b" finished-at="2023-08-24T12:52:08 IST" duration-ms="6" status="PASS">
          <reporter-output>
          </reporter-output>
        </test-method> <!-- b -->
        <test-method signature="d()[pri:0, instance:biakha.Simpleee@6973b51b]" started-at="2023-08-24T12:52:08 IST" name="d" finished-at="2023-08-24T12:52:08 IST" duration-ms="1" status="PASS">
          <reporter-output>
          </reporter-output>
        </test-method> <!-- d -->
        <test-method signature="f()[pri:0, instance:biakha.Simpleee@6973b51b]" started-at="2023-08-24T12:52:08 IST" name="f" finished-at="2023-08-24T12:52:08 IST" duration-ms="2" status="PASS">
          <reporter-output>
          </reporter-output>
        </test-method> <!-- f -->
        <test-method signature="a()[pri:0, instance:biakha.Simpleee@6973b51b]" started-at="2023-08-24T12:52:08 IST" name="a" finished-at="2023-08-24T12:52:08 IST" duration-ms="1" status="PASS">
          <reporter-output>
          </reporter-output>
        </test-method> <!-- a -->
        <test-method signature="c()[pri:0, instance:biakha.Simpleee@6973b51b]" started-at="2023-08-24T12:52:08 IST" name="c" finished-at="2023-08-24T12:52:08 IST" depends-on-methods="biakha.Simpleee.b" duration-ms="1" status="PASS">
          <reporter-output>
          </reporter-output>
        </test-method> <!-- c -->
        <test-method signature="e()[pri:0, instance:biakha.Simpleee@6973b51b]" started-at="2023-08-24T12:52:08 IST" name="e" finished-at="2023-08-24T12:52:08 IST" depends-on-methods="biakha.Simpleee.c" duration-ms="1" status="PASS">
          <reporter-output>
          </reporter-output>
        </test-method> <!-- e -->
      </class> <!-- biakha.Simpleee -->
    </test> <!-- Default test -->
  </suite> <!-- Default suite -->
</testng-results>
