<?xml version="1.0" encoding="UTF-8"?>
<!-- Generated by org.testng.reporters.JUnitXMLReporter -->
<testsuite ignored="0" hostname="LAPTOP-A4ROGLP3" failures="0" tests="6" name="Default test" time="0.052" errors="0" timestamp="2023-08-24T12:52:08 IST">
  <testcase classname="biakha.Simpleee" name="b" time="0.006"/>
  <testcase classname="biakha.Simpleee" name="d" time="0.001"/>
  <testcase classname="biakha.Simpleee" name="f" time="0.002"/>
  <testcase classname="biakha.Simpleee" name="a" time="0.001"/>
  <testcase classname="biakha.Simpleee" name="c" time="0.001"/>
  <testcase classname="biakha.Simpleee" name="e" time="0.001"/>
</testsuite> <!-- Default test -->
